****************************************************************************
***                           Sentaurus Device                           ***
***                          Version G-2012.06                           ***
***                         (1.5, amd64, linux)                          ***
***                                                                      ***
***                       Copyright (C) 1994-2012                        ***
***                            Synopsys, Inc.                            ***
***                                                                      ***
***  This software and the associated documentation are confidential     ***
***  and proprietary to Synopsys, Inc.  Your use or disclosure of this   ***
***  software is subject to the terms and conditions of a written        ***
***  license agreement between you, or your company, and Synopsys, Inc.  ***
****************************************************************************

	Running on machine with the following configuration:
	Host Name: M66-080-8
	Operating System: Linux rel. 3.13.0-34-generic ver. #60-Ubuntu SMP Wed Aug 13 15:45:27 UTC 2014
	Machine Type: x86_64
	Process ID: 5550
	Number of processors: 4
	Domain Name: (none)
	Date: Sat Dec  2 13:28:52 2017  (EDT)

Sat Dec  2 13:28:52 2017: checked out 1 Dessis license(s)
Sat Dec  2 13:28:52 2017: checked out 1 sdevice license(s)
Parsing circuit file /mit/sentaurus/G-2012.06/tcad/current/amd64/lib/sdevice/sd_hb_pGC.ccf
Parsing circuit file /mit/sentaurus/G-2012.06/tcad/current/amd64/lib/sdevice/sd_hb_sRL.ccf
Parsing circuit file /mit/sentaurus/G-2012.06/tcad/current/amd64/lib/sdevice/sd_hb_isource.ccf
Parsing circuit file /mit/sentaurus/G-2012.06/tcad/current/amd64/lib/sdevice/sd_hb_vsource.ccf
Parsing circuit file /mit/sentaurus/G-2012.06/tcad/current/amd64/lib/sdevice/bs_psource.ccf
Parsing circuit file /mit/sentaurus/G-2012.06/tcad/current/amd64/lib/sdevice/sd_SRL1.ccf
Parsing circuit file /mit/sentaurus/G-2012.06/tcad/current/amd64/lib/sdevice/sd_hb_vsource2.ccf
Parsing circuit file /mit/sentaurus/G-2012.06/tcad/current/amd64/lib/sdevice/sd_hb_isource2.ccf
Parsing circuit file /mit/sentaurus/G-2012.06/tcad/current/amd64/lib/scm/MOS_harness.ccf
Loading shared object file /mit/sentaurus/G-2012.06/tcad/current/amd64/lib/scm/MOS_harness.so.amd64
Loading shared object file /mit/sentaurus/G-2012.06/tcad/current/amd64/lib/sdevice/sd_hb_isource2.so.amd64
Loading shared object file /mit/sentaurus/G-2012.06/tcad/current/amd64/lib/sdevice/sd_hb_vsource2.so.amd64
Loading shared object file /mit/sentaurus/G-2012.06/tcad/current/amd64/lib/sdevice/sd_SRL1.so.amd64
Loading shared object file /mit/sentaurus/G-2012.06/tcad/current/amd64/lib/sdevice/bs_psource.so.amd64
Loading shared object file /mit/sentaurus/G-2012.06/tcad/current/amd64/lib/sdevice/sd_hb_vsource.so.amd64
Loading shared object file /mit/sentaurus/G-2012.06/tcad/current/amd64/lib/sdevice/sd_hb_isource.so.amd64
Loading shared object file /mit/sentaurus/G-2012.06/tcad/current/amd64/lib/sdevice/sd_hb_sRL.so.amd64
Loading shared object file /mit/sentaurus/G-2012.06/tcad/current/amd64/lib/sdevice/sd_hb_pGC.so.amd64

Input source: simulation_control.cmd

===============================

Output file: example_def.log_des.log


GlobalParameter {
}
no ACExtract file

PMIPath file: /mit/sentaurus/G-2012.06/tcad/current/amd64/lib/sdevice-20.0.5 /mit/sentaurus/G-2012.06/tcad/current/amd64/lib/sdevice

CMIPath file: /mit/sentaurus/G-2012.06/tcad/current/amd64/lib/sdevice /mit/sentaurus/G-2012.06/tcad/current/amd64/lib/scm

SPICEPath file: /mit/sentaurus/G-2012.06/tcad/current/lib/sdevice-20.0.5/spice

no DevicePath file

no CIRCUITSAVENAME file

no CIRCUITLOADNAME file

Numerical parameters:
  Absolute error : 
    Poisson : 1.0000e-03
    Electron : 1.0000e-05
    Hole : 1.0000e-05
    Photon-Rate-Equation : 1.0000e-07
    Photon-Phase-Equation : 1.0000e-05
    Rate-Stabilize-Equation : 1.0000e-07
    QW-Scattering-Equations : 1.0000e-05
    QW-eScattering-Equation : 1.0000e-05
    QW-hScattering-Equation : 1.0000e-05
    Optical Problem : 1.0000e-03
    Wavelength : 1.0000e-03
    Bandstructure : 1.0000e-03
    EmissionTable : 1.0000e-03
    DephasingRates : 1.0000e-03
    Photon Recycling : 1.0000e-03
    Electron-Temperature : 1.0000e-04
    Hole-Temperature : 1.0000e-04
    Lattice-Hole-Electron-Temperature : 1.0000e-03
    Circuit : 1.0000e-03
    TCircuit : 1.0000e-03
    Contact : 1.0000e-03
    TContact : 1.0000e-03
    Continuation : 1.0000e-03
    eLaplace : 1.0000e-03
    hLaplace : 1.0000e-03
    tLaplace : 1.0000e-03
    MonteCarlo : 1.0000e-03
    MCPoissonPDE : 1.0000e-03
    eQuantumPotential : 1.0000e-03
    hQuantumPotential : 1.0000e-03
    quasi-fermi-potential : 1.0000e-03
    ConductiveInsulator : 1.0000e-03
    ContactAndConductiveInsulator : 1.0000e-03
    SingletExciton : 1.0000e-05
    eHopping : 1.0000e-03
    hHopping : 1.0000e-03
    HydrogenAtom : 1.0000e-03
    HydrogenMolecule : 1.0000e-03
    HydrogenIon : 1.0000e-03
    HydrogenSiliconBondOccupation : 1.0000e-03
    eSHEDistribution : 1.0000e-03
    hSHEDistribution : 1.0000e-03
  RelErrControl (Reference error): 
    Poisson : 0.025852
    Electron : 1.0000e+10
    Hole : 1.0000e+10
    Photon-Rate-Equation : 1.0000e-07
    Photon-Phase-Equation : 1
    Rate-Stabilize-Equation : 1.0000e-07
    QW-Scattering-Equations : 1.0000e+10
    QW-eScattering-Equation : 1.0000e+10
    QW-hScattering-Equation : 1.0000e+10
    Optical Problem : 1
    Wavelength : 1
    Bandstructure : 1
    EmissionTable : 1
    DephasingRates : 1
    Photon Recycling : 1
    Electron-Temperature : 3.0000e+02
    Hole-Temperature : 3.0000e+02
    Lattice-Hole-Electron-Temperature : 3.0000e+02
    Circuit : 1
    TCircuit : 1
    Contact : 0.025852
    TContact : 1
    Continuation : 1
    eLaplace : 1
    hLaplace : 1
    tLaplace : 1
    MonteCarlo : 1
    MCPoissonPDE : 1
    eQuantumPotential : 0.025852
    hQuantumPotential : 0.025852
    quasi-fermi-potential : 0.025852
    ConductiveInsulator : 1
    ContactAndConductiveInsulator : 1
    SingletExciton : 1.0000e+10
    eHopping : 0.025852
    hHopping : 0.025852
    HydrogenAtom : 1.0000e+10
    HydrogenMolecule : 1.0000e+10
    HydrogenIon : 1.0000e+10
    HydrogenSiliconBondOccupation : 1
    eSHEDistribution : 0.025852
    hSHEDistribution : 0.025852
  Relative error : 5 digits
  Without checked transient error
  Max. #iterations : 50
  LineSearchDamping=1
  #undamped iterations : 100
  No incomplete Newton
  transient method : TR-BDF
  Linear solver : blocked decomposition
  Linear solver for AC analysis : blocked decomposition
  Linear solver for SHEDistribution Model : Super
  use linear extrapolation in transient/quasistationary computations
  use complex supernodal in ac-analysis (if possible)
  do not use smoothed PDE's in transient/quasistationary computations
  Harmonic balance (HB) specifications:
    Do not use MDFT mode in HB (i.e. one-tone and time domain assembly).
    Do not use in HB the logarithm of densities.
    No SolveSpectrum entries are specified.
    Plot HB results for time domain interval (0.0000e+00 , 0.0000e+00) using 0 intervals.
    HB Newton scaling parameters for rhs and update:
      Equation                         :  RhsScale  : UpdateScale
      Poisson                          :   1.00E+00 :   1.00E+00 
      Electron                         :   1.00E-05 :   1.00E+00 
      Hole                             :   1.00E-05 :   1.00E+00 
      Photon-Rate-Equation             :   1.00E-05 :   1.00E+00 
      Photon-Phase-Equation            :   1.00E+00 :   1.00E+00 
      Rate-Stabilize-Equation          :   1.00E+00 :   1.00E+00 
      QW-Scattering-Equations          :   1.00E-05 :   1.00E+00 
      QW-eScattering-Equation          :   1.00E-05 :   1.00E+00 
      QW-hScattering-Equation          :   1.00E-05 :   1.00E+00 
      Optical Problem                  :   1.00E+00 :   1.00E+00 
      Wavelength                       :   1.00E+00 :   1.00E+00 
      Bandstructure                    :   1.00E+00 :   1.00E+00 
      EmissionTable                    :   1.00E+00 :   1.00E+00 
      DephasingRates                   :   1.00E+00 :   1.00E+00 
      Photon Recycling                 :   1.00E+00 :   1.00E+00 
      Electron-Temperature             :   1.00E+00 :   1.00E+00 
      Hole-Temperature                 :   1.00E+00 :   1.00E+00 
      Lattice-Hole-Electron-Temperature:   1.00E+00 :   1.00E+00 
      Circuit                          :   1.00E-05 :   1.00E+00 
      TCircuit                         :   1.00E+00 :   1.00E+00 
      Contact                          :   1.00E-05 :   1.00E+00 
      TContact                         :   1.00E+00 :   1.00E+00 
      Continuation                     :   1.00E+00 :   1.00E+00 
      eLaplace                         :   1.00E+00 :   1.00E+00 
      hLaplace                         :   1.00E+00 :   1.00E+00 
      tLaplace                         :   1.00E+00 :   1.00E+00 
      MonteCarlo                       :   1.00E+00 :   1.00E+00 
      MCPoissonPDE                     :   1.00E+00 :   1.00E+00 
      eQuantumPotential                :   1.00E+00 :   1.00E+00 
      hQuantumPotential                :   1.00E+00 :   1.00E+00 
      quasi-fermi-potential            :   1.00E+00 :   1.00E+00 
      ConductiveInsulator              :   1.00E+00 :   1.00E+00 
      ContactAndConductiveInsulator    :   1.00E+00 :   1.00E+00 
      SingletExciton                   :   1.00E+00 :   1.00E+00 
      eHopping                         :   1.00E+00 :   1.00E+00 
      hHopping                         :   1.00E+00 :   1.00E+00 
      HydrogenAtom                     :   1.00E+00 :   1.00E+00 
      HydrogenMolecule                 :   1.00E+00 :   1.00E+00 
      HydrogenIon                      :   1.00E+00 :   1.00E+00 
      HydrogenSiliconBondOccupation    :   1.00E+00 :   1.00E+00 
      eSHEDistribution                 :   1.00E+00 :   1.00E+00 
      hSHEDistribution                 :   1.00E+00 :   1.00E+00 
    HB Newton correction parameters for values:
      Equation                         :     Min    :  Variation 
      Electron                         :   1.00E-20 :   1.00E+18 
      Hole                             :   1.00E-20 :   1.00E+18 
      Photon-Rate-Equation             :   0.00E+00 :   1.00E+18 
      QW-eScattering-Equation          :   1.00E-20 :   1.00E+18 
      QW-hScattering-Equation          :   1.00E-20 :   1.00E+18 
      Electron-Temperature             :   1.00E+02 :   1.00E+18 
      Hole-Temperature                 :   1.00E+02 :   1.00E+18 
      Lattice-Hole-Electron-Temperature:   1.00E+02 :   1.00E+18 
    
    Traps are solved by decoupled mode.
  use automatic coupling of contact/circuit stuff
  Spice temperature: 3.0015e+02
  Spice nominal temperature of parameter measurements: 3.0015e+02
  Spice minimum conductance gmin: 1.0000e-12
  Mininum |rhs| : 1.0000e-05
  Maximum |rhs| : 1.0000e+15
  Maximum |rhs| factor : 1.0000e+10
  Lattice Temperature Range : (50,5.0000e+03)
  Carrier Temperature Range : (10,8.0000e+04)
  Simplified first order SHE of BTE will be solved
  SHERefinementCutoff : 20
  No user dependencies.
  Number of assembly threads: 1 (default)
  Number of solver threads: 1 (OMP_NUM_THREADS)
  Thread stacksize: 1000000 bytes (default)
  Go serial if not enough parallel licenses are available.

Default device parameters:
  Electrodes:
    "Drain_contact" : 0.0000e+00 V (Ohmic), area factor : 1
    "Source_contact" : 0.0000e+00 V (Ohmic), area factor : 1
    "Gate_contact" : 1.8 V (Ohmic), area factor : 1
    "Body_contact" : 0.0000e+00 V (Ohmic), area factor : 1
  Files:
    no Boundary file
    Grid file: example_msh.tdr
    no Doping file
    no MobilityDoping file
    no Load file
    no Save file
    Plot file: example_def.tdr
    no DevFieldsName file
    no Path file
    no optical-Generation file
    no Lifetime file
    no Temperature file
    Current file: example_def.plt
    no PMIUserFields file
    no Extraction file
    no ModelParameters file
    no Piezo file
    no ModeGain file
    no Optical emission table for stimulated emission file
    no Optical emission table for spontaneous emission file
    no Optical emission table for photon phase change coefficient file
    no EmissionTable file
    no DephasingRates file
    no ASESpectrum file
    no OpticalFarField file
    no OpticalIntensityPattern file
    no SaveOpticalIntensityPattern file
    no OpticalXYAnglePattern file
    no SaveOpticalXYAnglePattern file
    no MonteCarloInput file
    no MonteCarloOutput file
    no ACPlot file
-----------------------------------------------
  Numerical parameters:
    With exact derivatives
    With avalanche derivatives
    Using old wavelength search algorithm
    Do not reinitialize quasi Fermi potentials in quasi-stationary simulations
    Ignore ionization integral constraints
    Without diagonal preconditioning
    With Scharfetter-Gummel Discretization
    Relative error : 5 digits
    Delta for numerical tunnelling derivatives : 1.0000e-03
    Do not compute breakdown paths and ionization integrals
    QuasiFermiPotential is used for Contact Equation
-----------------------------------------------
-----------------------------------------------
  Physical models:
    Without incomplete ionization
    Use Si parameters
    TATNonlocalPathNC = 0.0000e+00
    Without SRH-Recombination
    Without CDL-Recombination
    With optical generation computation 
    Without Band-to-Band-Tunneling
    Without Auger-Recombination
    Without Radiative Recombination
    Without Surface-Recombination
    Without Trap-Assisted-Auger-Recombination
    PMI recombination models: none
  Without thermal resistance interfaces
  Without Piezo
  Without Anisotropic Material Properties
  Without Avalanche-Generation 
  Without Alpha Particle
  Without Heavy Ion
  Without polarization
  Volume charge density: 0.0000e+00 cm^-3
  Device Temperature = 3.0000e+02 K
  Electron Quasi Fermi Potential: 0.0000e+00 V
  Hole Quasi Fermi Potential: 0.0000e+00 V
  Without MagneticField
  With SingletExciton Barrier Type
  Intrinsic density models:
    default bandgap model
    Bandgap narrowing model: OldSlotboom with bandgap narrowing (no Fermi)
  default affinity model
  default effective mass model
  Electron mobility:
    Doping dependence:
      Default
    no Carrier-Carrier scattering
    E_normal dependence:
      Lombardi
    Without ThinLayer mobility model
    Diffusivity: Caughey-Thomas saturation model, using gradient quasi-Fermi potential.
    Einstein relation for diffusivity-mobility ratio.
  Hole mobility:
    Doping dependence:
      Default
    no Carrier-Carrier scattering
    E_normal dependence:
      Lombardi
    Without ThinLayer mobility model
    Diffusivity: Caughey-Thomas saturation model, using gradient quasi-Fermi potential.
    Einstein relation for diffusivity-mobility ratio.
  Energy relaxation time model: according to formula in parameter file
  Lattice thermal conductivity model: according to formula in parameter file
  Metal Resistivity model: according to formula in parameter file
  Thermo Electric Power model: extraploted Si data
  Metal Thermo Electric Power model: MetalThermoElectricPower model not defined
  Lattice heat capacity model: temperature dependent
  no piezoelectric polarization model
  Without default parameters from file (use built-in default parameters)
-----------------------------------------------
Process information for extraction purposes:
  none
Plot variables:
  eDensity
  hDensity
  eCurrentDensity
  hCurrentDensity
  ElectrostaticPotential
  SpaceCharge
  ElectricField
  eMobility
  hMobility
  eVelocity
  hVelocity
  DopingConcentration
  DonorConcentration
  AcceptorConcentration

------------------------------------------------
NoisePlot variables:
  none
Plot groups:
  none

------------------------------------------------
CurrentPlot variables:
  none
Devices:
Systems:
Solve :
 Poisson
Coupled ( Digits : 5, Max. #iterations : 50, 
    Solver : blocked decomposition,
    #undamped iterations : 100 
)
    { Poisson Electron Hole } 
Quasistationary ( Digits : 5, Max. #iterations : 50, 
      Initial step in t : 1.0000e-03, 
      Minimum step in t : 1.0000e-05, Maximum step in t : 0.05, 
      Increment : 1.1, Decrement : 2, 
      Goal values :
        Contact drain_contact : 1.8V
    )
  {
    Coupled ( Digits : 5, Max. #iterations : 50, 
        Solver : blocked decomposition,
        #undamped iterations : 100 
)
        { Poisson Electron Hole } 
  }

===============================

Reading grid 'example_msh.tdr' ... 

The geometry file "example_msh.tdr" was not found,
or its format was not recognized !

Sat Dec  2 13:28:52 2017: checked in 1 sdevice license(s)
Sat Dec  2 13:28:52 2017: checked in 1 Dessis license(s)
