****************************************************************************
***                            Sentaurus Mesh                            ***
***                          Version G-2012.06                           ***
***                         (1.5, amd64, linux)                          ***
***                                                                      ***
***                       Copyright (C) 2005-2012                        ***
***                            Synopsys, Inc.                          ***
***                                                                      ***
***  This software and the associated documentation are confidential     ***
***  and proprietary to Synopsys, Inc.  Your use or disclosure of this   ***
***  software is subject to the terms and conditions of a written        ***
***  license agreement between you, or your company, and Synopsys, Inc.  ***
****************************************************************************

Compiled Fri Apr 13 01:01:31 PDT 2012 on: tcadprod5
Running on: M66-080-8
Process ID: 6911

Flags used: -a -c boxmethod

** Generating 2d grid **

Creating binary tree...done.
Imprinting binary tree on the boundary...done.
Optimizing boundary nodes...done.

Number of vertices after binary tree generation : 
  6105 (tree) + 706 (boundary)

** Delaunizing the mesh **

Creating delaunizer input...done.
Solving edges...done 
Optimizing elements...done. (6528 vertices)
Fixing diagonals...done.

The final mesh has: 
    6524 points.
   12753 elements.
      17 regions.
Max. connectivity = 7 located at (-0.0671875;0.0109375)


==============================  tri-grid quality  ================================
    0  10  20  30  40  50  60  70  80  90 100 110 120 130 140 150 160 170 180
 %    1   7   5  15   6   6  15   5   7  34          .                     
---------------------------------------------------------------------------------
minAngle: 0.497347  maxAngle: 116.378
nVerts = 6524  nTris = 12753  nMats = 13
max connectivity (tris per node): 7
bmin: -0.07 -0.05
bmax: 0.11 0.6
min edgeLength: 1.2207e-05  [near (0.0579687 -6.10352e-06)]
min volume: 9.53674e-10  max volume: 0.000246094  Total volume: 0.117
bbox  volume: 0.117
Are all boundaries on bbox? true
=================================================================================
Interpolating data...done.
done.
Saving file /afs/athena.mit.edu/user/l/c/lc2017/Desktop/samtel/mosfet_40nm_gate_msh.tdr...done.
