****************************************************************************
***                            Sentaurus Mesh                            ***
***                          Version G-2012.06                           ***
***                         (1.5, amd64, linux)                          ***
***                                                                      ***
***                       Copyright (C) 2005-2012                        ***
***                            Synopsys, Inc.                          ***
***                                                                      ***
***  This software and the associated documentation are confidential     ***
***  and proprietary to Synopsys, Inc.  Your use or disclosure of this   ***
***  software is subject to the terms and conditions of a written        ***
***  license agreement between you, or your company, and Synopsys, Inc.  ***
****************************************************************************

Compiled Fri Apr 13 01:01:31 PDT 2012 on: tcadprod5
Running on: M66-080-8
Process ID: 6469

Flags used: -a -c boxmethod

** Generating 2d grid **

Creating binary tree...done.
Imprinting binary tree on the boundary...done.
Optimizing boundary nodes...done.

Number of vertices after binary tree generation : 
  6035 (tree) + 696 (boundary)

** Delaunizing the mesh **

Creating delaunizer input...done.
Solving edges...done 
Optimizing elements...done. (6447 vertices)
Fixing diagonals...done.

The final mesh has: 
    6443 points.
   12590 elements.
      17 regions.
Max. connectivity = 7 located at (-0.0673438;0.0109375)


==============================  tri-grid quality  ================================
    0  10  20  30  40  50  60  70  80  90 100 110 120 130 140 150 160 170 180
 %    1   7   1  19   6   6  19   1   7  34  .           .                 
---------------------------------------------------------------------------------
minAngle: 0.526601  maxAngle: 125.711
nVerts = 6443  nTris = 12590  nMats = 13
max connectivity (tris per node): 7
bmin: -0.07 -0.05
bmax: 0.1 0.6
min edgeLength: 1.2207e-05  [near (0.0588281 -6.10352e-06)]
min volume: 2.38419e-09  max volume: 0.000232422  Total volume: 0.1105
bbox  volume: 0.1105
Are all boundaries on bbox? true
=================================================================================
Interpolating data...done.
done.
Saving file /afs/athena.mit.edu/user/l/c/lc2017/Desktop/samtel/mosfet_30nm_gate_msh.tdr...done.
